# JRE version: Java(TM) SE Runtime Environment 18.9 (11.0.8+10) (build 11.0.8+10-LTS)
# Java VM: Java HotSpot(TM) 64-Bit Server VM 18.9 (11.0.8+10-LTS, mixed mode, tiered, compressed oops, g1 gc, windows-amd64)
Heap:
 garbage-first heap   total 157696K, used 24846K [0x0000000081a00000, 0x0000000100000000)
  region size 1024K, 5 young (5120K), 5 survivors (5120K)
 Metaspace       used 40307K, capacity 41701K, committed 41904K, reserved 1085440K
  class space    used 5067K, capacity 5617K, committed 5632K, reserved 1048576K
GC Heap History (10 events):
Event: 3.743 GC heap after
{Heap after GC invocations=6 (full 0):
 garbage-first heap   total 131072K, used 16877K [0x0000000081a00000, 0x0000000100000000)
  region size 1024K, 5 young (5120K), 5 survivors (5120K)
 Metaspace       used 25527K, capacity 26365K, committed 26544K, reserved 1073152K
  class space    used 3179K, capacity 3490K, committed 3584K, reserved 1048576K
}
Event: 4.689 GC heap before
{Heap before GC invocations=6 (full 0):
 garbage-first heap   total 131072K, used 79341K [0x0000000081a00000, 0x0000000100000000)
  region size 1024K, 67 young (68608K), 5 survivors (5120K)
 Metaspace       used 28527K, capacity 29405K, committed 29488K, reserved 1075200K
  class space    used 3543K, capacity 3896K, committed 3968K, reserved 1048576K
}
Event: 4.698 GC heap after
{Heap after GC invocations=7 (full 0):
 garbage-first heap   total 131072K, used 17913K [0x0000000081a00000, 0x0000000100000000)
  region size 1024K, 6 young (6144K), 6 survivors (6144K)
 Metaspace       used 28527K, capacity 29405K, committed 29488K, reserved 1075200K
  class space    used 3543K, capacity 3896K, committed 3968K, reserved 1048576K
}
Event: 5.789 GC heap before
{Heap before GC invocations=7 (full 0):
 garbage-first heap   total 131072K, used 89593K [0x0000000081a00000, 0x0000000100000000)
  region size 1024K, 76 young (77824K), 6 survivors (6144K)
 Metaspace       used 32815K, capacity 33986K, committed 34096K, reserved 1079296K
  class space    used 4175K, capacity 4651K, committed 4736K, reserved 1048576K
}
Event: 5.797 GC heap after
{Heap after GC invocations=8 (full 0):
 garbage-first heap   total 131072K, used 20011K [0x0000000081a00000, 0x0000000100000000)
  region size 1024K, 8 young (8192K), 8 survivors (8192K)
 Metaspace       used 32815K, capacity 33986K, committed 34096K, reserved 1079296K
  class space    used 4175K, capacity 4651K, committed 4736K, reserved 1048576K
}
Event: 6.108 GC heap before
{Heap before GC invocations=8 (full 0):
 garbage-first heap   total 131072K, used 40491K [0x0000000081a00000, 0x0000000100000000)
  region size 1024K, 29 young (29696K), 8 survivors (8192K)
 Metaspace       used 34615K, capacity 35826K, committed 35888K, reserved 1081344K
  class space    used 4436K, capacity 4937K, committed 4992K, reserved 1048576K
}
Event: 6.127 GC heap after
{Heap after GC invocations=9 (full 0):
 garbage-first heap   total 131072K, used 21465K [0x0000000081a00000, 0x0000000100000000)
  region size 1024K, 7 young (7168K), 7 survivors (7168K)
 Metaspace       used 34615K, capacity 35826K, committed 35888K, reserved 1081344K
  class space    used 4436K, capacity 4937K, committed 4992K, reserved 1048576K
}
Event: 6.673 GC heap before
{Heap before GC invocations=10 (full 0):
 garbage-first heap   total 131072K, used 91097K [0x0000000081a00000, 0x0000000100000000)
  region size 1024K, 76 young (77824K), 7 survivors (7168K)
 Metaspace       used 36783K, capacity 38178K, committed 38320K, reserved 1083392K
  class space    used 4709K, capacity 5253K, committed 5376K, reserved 1048576K
}
Event: 6.680 GC heap after
{Heap after GC invocations=11 (full 0):
 garbage-first heap   total 131072K, used 23478K [0x0000000081a00000, 0x0000000100000000)
  region size 1024K, 7 young (7168K), 7 survivors (7168K)
 Metaspace       used 36783K, capacity 38178K, committed 38320K, reserved 1083392K
  class space    used 4709K, capacity 5253K, committed 5376K, reserved 1048576K
}
Event: 7.597 GC heap before
{Heap before GC invocations=11 (full 0):
 garbage-first heap   total 131072K, used 93110K [0x0000000081a00000, 0x0000000100000000)
  region size 1024K, 76 young (77824K), 7 survivors (7168K)
 Metaspace       used 40307K, capacity 41701K, committed 41904K, reserved 1085440K
  class space    used 5067K, capacity 5617K, committed 5632K, reserved 1048576K
}

